  [1m[36mSCHEMA (86.6ms)[0m  [1mSHOW TABLES [0m
  [1m[35mSCHEMA (0.3ms)[0m  SHOW TABLES 
  [1m[36mSQL (46.6ms)[0m  [1mSELECT `schema_migrations`.`version` FROM `schema_migrations`[0m
Migrating to CreateDepartments (20141128103714)
  [1m[35mSQL (175.1ms)[0m  CREATE TABLE `departments` (`id` int(11) DEFAULT NULL auto_increment PRIMARY KEY, `name` varchar(255), `description` varchar(255), `created_at` datetime, `updated_at` datetime) ENGINE=InnoDB
  [1m[36mSQL (23.3ms)[0m  [1mINSERT INTO `schema_migrations` (`version`) VALUES ('20141128103714')[0m
  [1m[35mSCHEMA (0.3ms)[0m  SHOW TABLES 
  [1m[36mSQL (0.2ms)[0m  [1mSELECT `schema_migrations`.`version` FROM `schema_migrations`[0m
  [1m[35mSCHEMA (0.2ms)[0m  SHOW TABLES 
  [1m[36mSQL (0.6ms)[0m  [1mdescribe `departments`[0m
  [1m[35mSQL (0.4ms)[0m  SHOW KEYS FROM `departments`
DEPRECATION WARNING: config.action_view.debug_rjs will be removed in 3.1, from 3.1 onwards you will need to install prototype-rails to continue to use RJS templates . (called from <top (required)> at /home/ruadmin/rspec/test/first/config/environment.rb:5)
  [1m[36mSCHEMA (0.3ms)[0m  [1mSHOW TABLES [0m
  [1m[35mSCHEMA (0.3ms)[0m  SHOW TABLES 
  [1m[36mSQL (33.5ms)[0m  [1mSELECT `schema_migrations`.`version` FROM `schema_migrations`[0m
Migrating to CreateDepartments (20141128103714)
  [1m[35mSCHEMA (0.3ms)[0m  SHOW TABLES 
  [1m[36mSQL (0.1ms)[0m  [1mSELECT `schema_migrations`.`version` FROM `schema_migrations`[0m
  [1m[35mSCHEMA (0.2ms)[0m  SHOW TABLES 
  [1m[36mSQL (0.4ms)[0m  [1mdescribe `departments`[0m
  [1m[35mSQL (0.2ms)[0m  SHOW KEYS FROM `departments`
  [1m[36mSCHEMA (0.2ms)[0m  [1mSHOW TABLES [0m
  [1m[35mSQL (0.1ms)[0m  SELECT `schema_migrations`.`version` FROM `schema_migrations`
  [1m[36mSQL (159.4ms)[0m  [1mDROP DATABASE IF EXISTS `first_test`[0m
  [1m[35mSQL (9.5ms)[0m  CREATE DATABASE `first_test` DEFAULT CHARACTER SET `utf8` COLLATE `utf8_unicode_ci`
  [1m[36mSCHEMA (0.3ms)[0m  [1mSHOW TABLES [0m
  [1m[35mSCHEMA (0.1ms)[0m  SHOW TABLES 
  [1m[36mSQL (94.4ms)[0m  [1mCREATE TABLE `departments` (`id` int(11) DEFAULT NULL auto_increment PRIMARY KEY, `name` varchar(255), `description` varchar(255), `created_at` datetime, `updated_at` datetime) ENGINE=InnoDB[0m
  [1m[35mSCHEMA (0.3ms)[0m  SHOW TABLES 
  [1m[36mSCHEMA (0.2ms)[0m  [1mSHOW TABLES [0m
  [1m[35mSQL (46.6ms)[0m  CREATE TABLE `schema_migrations` (`version` varchar(255) NOT NULL) ENGINE=InnoDB
  [1m[36mSQL (0.4ms)[0m  [1mSHOW KEYS FROM `schema_migrations`[0m
  [1m[35mSQL (181.4ms)[0m  CREATE UNIQUE INDEX `unique_schema_migrations` ON `schema_migrations` (`version`)
  [1m[36mSCHEMA (0.3ms)[0m  [1mSHOW TABLES [0m
  [1m[35mSCHEMA (0.3ms)[0m  SHOW TABLES 
  [1m[36mSQL (0.3ms)[0m  [1mSELECT version FROM `schema_migrations`[0m
  [1m[35mSQL (21.5ms)[0m  INSERT INTO `schema_migrations` (version) VALUES ('20141128103714')
DEPRECATION WARNING: config.action_view.debug_rjs will be removed in 3.1, from 3.1 onwards you will need to install prototype-rails to continue to use RJS templates . (called from <top (required)> at /home/ruadmin/rspec/test/first/config/environment.rb:5)


Started GET "/department" for 127.0.0.1 at 2014-12-01 17:13:59 +0530

ActionController::RoutingError (No route matches "/department"):
  

Rendered /home/ruadmin/.rvm/gems/ruby-1.9.3-p392/gems/actionpack-3.0.10/lib/action_dispatch/middleware/templates/rescues/routing_error.erb within rescues/layout (1.0ms)


Started GET "/departments" for 127.0.0.1 at 2014-12-01 17:14:07 +0530
  Processing by DepartmentsController#index as HTML
  [1m[36mDepartment Load (17.2ms)[0m  [1mSELECT `departments`.* FROM `departments`[0m
Rendered departments/index.html.erb within layouts/application (7.1ms)
Completed 200 OK in 147ms (Views: 33.6ms | ActiveRecord: 17.2ms)


Started GET "/departments/new" for 127.0.0.1 at 2014-12-01 17:14:12 +0530
  Processing by DepartmentsController#new as HTML
Rendered departments/_form.html.erb (60.2ms)
Rendered departments/new.html.erb within layouts/application (64.2ms)
Completed 200 OK in 241ms (Views: 87.1ms | ActiveRecord: 0.0ms)


Started GET "/departments/new" for 127.0.0.1 at 2014-12-01 17:15:10 +0530
  Processing by DepartmentsController#new as HTML
Rendered departments/_form.html.erb (6.1ms)
Rendered departments/new.html.erb within layouts/application (9.1ms)
Completed 200 OK in 16ms (Views: 11.6ms | ActiveRecord: 0.0ms)


Started POST "/departments" for 127.0.0.1 at 2014-12-01 17:15:24 +0530
  Processing by DepartmentsController#create as HTML
  Parameters: {"utf8"=>"✓", "authenticity_token"=>"bR9pxoRcN+Nuy+rWXNVZclUorD0roSJK8ibUskZ0K/c=", "department"=>{"name"=>"cse", "description"=>"computer"}, "commit"=>"Create Department"}
  [1m[35mSQL (0.2ms)[0m  BEGIN
  [1m[36mSQL (0.2ms)[0m  [1mROLLBACK[0m
Rendered departments/_form.html.erb (26.8ms)
Rendered departments/new.html.erb within layouts/application (29.5ms)
Completed 200 OK in 44ms (Views: 31.9ms | ActiveRecord: 0.3ms)


Started POST "/departments" for 127.0.0.1 at 2014-12-01 17:15:40 +0530
  Processing by DepartmentsController#create as HTML
  Parameters: {"utf8"=>"✓", "authenticity_token"=>"bR9pxoRcN+Nuy+rWXNVZclUorD0roSJK8ibUskZ0K/c=", "department"=>{"name"=>"cse12345", "description"=>"computer"}, "commit"=>"Create Department"}
  [1m[35mSQL (0.1ms)[0m  BEGIN
  [1m[36mSQL (0.0ms)[0m  [1mROLLBACK[0m
Rendered departments/_form.html.erb (4.0ms)
Rendered departments/new.html.erb within layouts/application (6.6ms)
Completed 200 OK in 20ms (Views: 9.1ms | ActiveRecord: 0.2ms)


Started POST "/departments" for 127.0.0.1 at 2014-12-01 17:15:46 +0530
  Processing by DepartmentsController#create as HTML
  Parameters: {"utf8"=>"✓", "authenticity_token"=>"bR9pxoRcN+Nuy+rWXNVZclUorD0roSJK8ibUskZ0K/c=", "department"=>{"name"=>"cse12345", "description"=>"computer12345"}, "commit"=>"Create Department"}
  [1m[35mSQL (0.1ms)[0m  BEGIN
  [1m[36mSQL (0.1ms)[0m  [1mROLLBACK[0m
Rendered departments/_form.html.erb (4.5ms)
Rendered departments/new.html.erb within layouts/application (7.3ms)
Completed 200 OK in 47ms (Views: 10.2ms | ActiveRecord: 0.2ms)


Started POST "/departments" for 127.0.0.1 at 2014-12-01 17:15:55 +0530
  Processing by DepartmentsController#create as HTML
  Parameters: {"utf8"=>"✓", "authenticity_token"=>"bR9pxoRcN+Nuy+rWXNVZclUorD0roSJK8ibUskZ0K/c=", "department"=>{"name"=>"cse12345", "description"=>"computer1234567890"}, "commit"=>"Create Department"}
  [1m[35mSQL (0.1ms)[0m  BEGIN
  [1m[36mSCHEMA (55.7ms)[0m  [1mSHOW TABLES [0m
  [1m[35mSQL (0.4ms)[0m  describe `departments`
  [1m[36mAREL (129.7ms)[0m  [1mINSERT INTO `departments` (`name`, `description`, `created_at`, `updated_at`) VALUES ('cse12345', 'computer1234567890', '2014-12-01 11:45:55', '2014-12-01 11:45:55')[0m
  [1m[35mSQL (65.9ms)[0m  COMMIT
Redirected to http://localhost:3000/departments/1
Completed 302 Found in 389ms


Started GET "/departments/1" for 127.0.0.1 at 2014-12-01 17:15:55 +0530
  Processing by DepartmentsController#show as HTML
  Parameters: {"id"=>"1"}
  [1m[36mDepartment Load (26.0ms)[0m  [1mSELECT `departments`.* FROM `departments` WHERE `departments`.`id` = 1 LIMIT 1[0m
Rendered departments/show.html.erb within layouts/application (6.9ms)
Completed 200 OK in 54ms (Views: 22.7ms | ActiveRecord: 26.0ms)


Started GET "/departments" for 127.0.0.1 at 2014-12-01 17:16:20 +0530
  Processing by DepartmentsController#index as HTML
  [1m[35mDepartment Load (0.3ms)[0m  SELECT `departments`.* FROM `departments`
Rendered departments/index.html.erb within layouts/application (8.0ms)
Completed 200 OK in 15ms (Views: 10.5ms | ActiveRecord: 0.3ms)


Started GET "/departments" for 127.0.0.1 at 2014-12-01 17:21:51 +0530
  Processing by DepartmentsController#index as HTML
  [1m[36mDepartment Load (0.4ms)[0m  [1mSELECT `departments`.* FROM `departments`[0m
Rendered departments/index.html.erb within layouts/application (7.4ms)
Completed 200 OK in 39ms (Views: 9.9ms | ActiveRecord: 0.4ms)


Started GET "/departments" for 127.0.0.1 at 2014-12-01 17:21:53 +0530
  Processing by DepartmentsController#index as HTML
  [1m[35mDepartment Load (0.2ms)[0m  SELECT `departments`.* FROM `departments`
Rendered departments/index.html.erb within layouts/application (9.6ms)
Completed 200 OK in 16ms (Views: 12.4ms | ActiveRecord: 0.2ms)
DEPRECATION WARNING: config.action_view.debug_rjs will be removed in 3.1, from 3.1 onwards you will need to install prototype-rails to continue to use RJS templates . (called from <top (required)> at /home/ruadmin/rspec/test/first/config/environment.rb:5)
DEPRECATION WARNING: config.action_view.debug_rjs will be removed in 3.1, from 3.1 onwards you will need to install prototype-rails to continue to use RJS templates . (called from <top (required)> at /home/ruadmin/rspec/test/first/config/environment.rb:5)


Started GET "/department" for 127.0.0.1 at 2014-12-22 15:27:38 +0530

ActionController::RoutingError (No route matches "/department"):
  

Rendered /home/ruadmin/.rvm/gems/ruby-1.9.3-p392/gems/actionpack-3.0.10/lib/action_dispatch/middleware/templates/rescues/routing_error.erb within rescues/layout (0.9ms)


Started GET "/department/index" for 127.0.0.1 at 2014-12-22 15:27:59 +0530

ActionController::RoutingError (No route matches "/department/index"):
  

Rendered /home/ruadmin/.rvm/gems/ruby-1.9.3-p392/gems/actionpack-3.0.10/lib/action_dispatch/middleware/templates/rescues/routing_error.erb within rescues/layout (0.9ms)


Started GET "/departments/new" for 127.0.0.1 at 2014-12-22 15:28:29 +0530
  Processing by DepartmentsController#new as HTML
Rendered departments/_form.html.erb (43.7ms)
Rendered departments/new.html.erb within layouts/application (57.8ms)
Completed 200 OK in 137ms (Views: 78.6ms | ActiveRecord: 0.0ms)


Started POST "/departments" for 127.0.0.1 at 2014-12-22 15:30:06 +0530
  Processing by DepartmentsController#create as HTML
  Parameters: {"utf8"=>"✓", "authenticity_token"=>"jUEeATCago8Xka4z1Pc6X+PZQdY8shUjQWTzPP5RIyY=", "department"=>{"name"=>"same", "description"=>"same to do"}, "commit"=>"Create Department"}
  [1m[36mSQL (0.2ms)[0m  [1mBEGIN[0m
  [1m[35mSCHEMA (0.4ms)[0m  SHOW TABLES 
  [1m[36mSQL (0.8ms)[0m  [1mdescribe `departments`[0m
  [1m[35mAREL (40.0ms)[0m  INSERT INTO `departments` (`name`, `description`, `created_at`, `updated_at`) VALUES ('same', 'same to do', '2014-12-22 10:00:06', '2014-12-22 10:00:06')
  [1m[36mSQL (58.6ms)[0m  [1mCOMMIT[0m
Redirected to http://localhost:3000/departments/2
Completed 302 Found in 295ms


Started GET "/departments/2" for 127.0.0.1 at 2014-12-22 15:30:06 +0530
  Processing by DepartmentsController#show as HTML
  Parameters: {"id"=>"2"}
  [1m[35mDepartment Load (13.5ms)[0m  SELECT `departments`.* FROM `departments` WHERE `departments`.`id` = 2 LIMIT 1
Rendered departments/show.html.erb within layouts/application (8.3ms)
Completed 200 OK in 29ms (Views: 11.1ms | ActiveRecord: 113.5ms)


Started GET "/departments" for 127.0.0.1 at 2014-12-22 15:30:11 +0530
  Processing by DepartmentsController#index as HTML
  [1m[36mDepartment Load (0.3ms)[0m  [1mSELECT `departments`.* FROM `departments`[0m
Rendered departments/index.html.erb within layouts/application (7.9ms)
Completed 200 OK in 37ms (Views: 10.4ms | ActiveRecord: 0.3ms)
